<?xml version="1.0" encoding="UTF-8"?>
<!-- Generated by org.testng.reporters.JUnitReportReporter -->
<testsuite hostname="DESKTOP-0EEMOFD" failures="0" tests="1" name="Initiate.Browser" time="14.303" errors="0" timestamp="2022-05-08T17:37:00 IST" skipped="0">
  <testcase classname="Initiate.Browser" name="Initiation" time="14.303"/>
  <system-out/>
</testsuite> <!-- Initiate.Browser -->
